Arguments: 
  /Users/jeffford/.nvm/versions/node/v6.11.0/bin/node /Users/jeffford/.nvm/versions/node/v6.11.0/bin/yarn add babel-core babel-loader babel-plugin-transform-object-rest-spread babel-preset-es2015 babel-preset-react clean-webpack-plugin css-loader dotenv extract-text-webpack-plugin file-loader

PATH: 
  /Users/jeffford/.nvm/versions/node/v6.11.0/bin:/usr/local/bin:/usr/bin:/bin:/usr/sbin:/sbin

Yarn version: 
  0.27.5

Node version: 
  6.11.0

Platform: 
  darwin x64

npm manifest: 
  {
    "name": "frontend",
    "version": "1.0.0",
    "description": "",
    "main": "index.js",
    "license": "MIT",
    "jest": {
      "globals": {
        "__DEBUG__": true,
        "__API_URL__": "http://localhost:3000"
      }
    },
    "scripts": {
      "lint": "eslint .",
      "test": "jest --coverage",
      "test-watch": "test --watchAll",
      "watch": "webpack-dev-server --inline --hot",
      "build": "webpack"
    },

yarn manifest: 
  No manifest

Lockfile: 
  No lockfile

Trace: 
  SyntaxError: /Users/jeffford/Desktop/401/labs/lab-36-full-stack-crud/lab-jeff/frontend/package.json: Unexpected end of JSON input
      at Object.parse (native)
      at /Users/jeffford/.nvm/versions/node/v6.11.0/lib/node_modules/yarn/lib/util/fs.js:554:57
      at next (native)
      at step (/Users/jeffford/.nvm/versions/node/v6.11.0/lib/node_modules/yarn/node_modules/babel-runtime/helpers/asyncToGenerator.js:17:30)
      at /Users/jeffford/.nvm/versions/node/v6.11.0/lib/node_modules/yarn/node_modules/babel-runtime/helpers/asyncToGenerator.js:28:13
